2022-12-22 01:13:23: -- Analysis Started by On File Change First Full Analyze Upon Folder Connect
2022-12-22 01:13:23: L: State file does not exist: E:/DaeiBlog/wp-content/uploads/exported_html_files/tmp_files/_gsdata_/_file_state_v4._gs
2022-12-22 01:13:23: Changes: 108, Conflicts: 0, CopyTime: 0, FixState: 35, Errors: 0, All: 290
2022-12-22 01:13:23: Left to Right: Copy File: 95 Delete File: 13 
2022-12-22 01:13:23: == Sync Started by On File Change First Full Analyze Upon Folder Connect
2022-12-22 01:13:23: Delete File C:/Users/User/Documents/blog/images/5260.jpg
2022-12-22 01:13:23: Delete File C:/Users/User/Documents/blog/images/5491.jpg
2022-12-22 01:13:23: Delete File C:/Users/User/Documents/blog/images/5513.jpg
2022-12-22 01:13:23: Delete File C:/Users/User/Documents/blog/images/5680.jpg
2022-12-22 01:13:23: Delete File C:/Users/User/Documents/blog/images/6010.jpg
2022-12-22 01:13:23: Delete File C:/Users/User/Documents/blog/images/6478.jpg
2022-12-22 01:13:23: Delete File C:/Users/User/Documents/blog/images/7131.jpg
2022-12-22 01:13:23: Delete File C:/Users/User/Documents/blog/images/7432.jpg
2022-12-22 01:13:23: Delete File C:/Users/User/Documents/blog/images/7675.jpg
2022-12-22 01:13:23: Delete File C:/Users/User/Documents/blog/images/8678.jpg
2022-12-22 01:13:23: Delete File C:/Users/User/Documents/blog/images/9176.jpg
2022-12-22 01:13:23: Delete File C:/Users/User/Documents/blog/images/9241.jpg
2022-12-22 01:13:23: Delete File C:/Users/User/Documents/blog/images/9850.jpg
2022-12-22 01:13:23: Copy Over 'E:/DaeiBlog/wp-content/uploads/exported_html_files/tmp_files/2022/12/21/hello-world.html' -> 'C:/Users/User/Documents/blog/2022/12/21/hello-world.html' (192,781)
2022-12-22 01:13:23: Copy Over 'E:/DaeiBlog/wp-content/uploads/exported_html_files/tmp_files/author/masterbe.html' -> 'C:/Users/User/Documents/blog/author/masterbe.html' (58,302)
2022-12-22 01:13:23: Copy Over 'E:/DaeiBlog/wp-content/uploads/exported_html_files/tmp_files/category/tie-life-style.html' -> 'C:/Users/User/Documents/blog/category/tie-life-style.html' (55,861)
2022-12-22 01:13:23: Copy Over 'E:/DaeiBlog/wp-content/uploads/exported_html_files/tmp_files/category/tie-tech.html' -> 'C:/Users/User/Documents/blog/category/tie-tech.html' (55,862)
2022-12-22 01:13:23: Copy Over 'E:/DaeiBlog/wp-content/uploads/exported_html_files/tmp_files/category/tie-world.html' -> 'C:/Users/User/Documents/blog/category/tie-world.html' (56,023)
2022-12-22 01:13:23: Copy Over 'E:/DaeiBlog/wp-content/uploads/exported_html_files/tmp_files/category/uncategorized.html' -> 'C:/Users/User/Documents/blog/category/uncategorized.html' (56,915)
2022-12-22 01:13:23: Copy Over 'E:/DaeiBlog/wp-content/uploads/exported_html_files/tmp_files/css/classic-themes.min.css' -> 'C:/Users/User/Documents/blog/css/classic-themes.min.css' (334)
2022-12-22 01:13:23: Copy Over 'E:/DaeiBlog/wp-content/uploads/exported_html_files/tmp_files/css/dist-block-library-style-rtl.min.css' -> 'C:/Users/User/Documents/blog/css/dist-block-library-style-rtl.min.css' (94,875)
2022-12-22 01:13:23: Copy Over 'E:/DaeiBlog/wp-content/uploads/exported_html_files/tmp_files/css/export-wp-page-to-static-html-public-css-export-wp-page-to-static-html-public.css' -> 'C:/Users/User/Documents/blog/css/export-wp-page-to-static-html-public-css-export-wp-page-to-static-html-public.css' (215)
2022-12-22 01:13:23: Copy Over 'E:/DaeiBlog/wp-content/uploads/exported_html_files/tmp_files/css/jannah-assets-css-base.min.css' -> 'C:/Users/User/Documents/blog/css/jannah-assets-css-base.min.css' (42,118)
2022-12-22 01:13:23: Copy Over 'E:/DaeiBlog/wp-content/uploads/exported_html_files/tmp_files/css/jannah-assets-css-fontawesome.css' -> 'C:/Users/User/Documents/blog/css/jannah-assets-css-fontawesome.css' (58,566)
2022-12-22 01:13:23: Copy Over 'E:/DaeiBlog/wp-content/uploads/exported_html_files/tmp_files/css/jannah-assets-css-helpers.min.css' -> 'C:/Users/User/Documents/blog/css/jannah-assets-css-helpers.min.css' (40,219)
2022-12-22 01:13:23: Copy Over 'E:/DaeiBlog/wp-content/uploads/exported_html_files/tmp_files/css/jannah-assets-css-print.css' -> 'C:/Users/User/Documents/blog/css/jannah-assets-css-print.css' (1,878)
2022-12-22 01:13:23: Copy Over 'E:/DaeiBlog/wp-content/uploads/exported_html_files/tmp_files/css/jannah-assets-css-single.min.css' -> 'C:/Users/User/Documents/blog/css/jannah-assets-css-single.min.css' (46,692)
2022-12-22 01:13:23: Copy Over 'E:/DaeiBlog/wp-content/uploads/exported_html_files/tmp_files/css/jannah-assets-css-style.min.css' -> 'C:/Users/User/Documents/blog/css/jannah-assets-css-style.min.css' (153,977)
2022-12-22 01:13:23: Copy Over 'E:/DaeiBlog/wp-content/uploads/exported_html_files/tmp_files/css/jannah-assets-css-widgets.min.css' -> 'C:/Users/User/Documents/blog/css/jannah-assets-css-widgets.min.css' (47,643)
2022-12-22 01:13:23: Copy Over 'E:/DaeiBlog/wp-content/uploads/exported_html_files/tmp_files/css/jannah-assets-ilightbox-light-skin-skin.css' -> 'C:/Users/User/Documents/blog/css/jannah-assets-ilightbox-light-skin-skin.css' (12,448)
2022-12-22 01:13:23: Copy Over 'E:/DaeiBlog/wp-content/uploads/exported_html_files/tmp_files/css/jannah-child-style.css' -> 'C:/Users/User/Documents/blog/css/jannah-child-style.css' (719)
2022-12-22 01:13:23: Copy Over 'E:/DaeiBlog/wp-content/uploads/exported_html_files/tmp_files/css/wp-shamsi-assets-css-wpsh_custom.css' -> 'C:/Users/User/Documents/blog/css/wp-shamsi-assets-css-wpsh_custom.css' (272)
2022-12-22 01:13:23: Copy Over 'E:/DaeiBlog/wp-content/uploads/exported_html_files/tmp_files/daei.blog.html' -> 'C:/Users/User/Documents/blog/daei.blog.html' (59,077)
2022-12-22 01:13:23: Copy Over 'E:/DaeiBlog/wp-content/uploads/exported_html_files/tmp_files/css/jannah-rtl.css' -> 'C:/Users/User/Documents/blog/css/jannah-rtl.css' (42,412)
2022-12-22 01:13:23: Copy Over 'E:/DaeiBlog/wp-content/uploads/exported_html_files/tmp_files/fonts/fa-brands-400.eot' -> 'C:/Users/User/Documents/blog/fonts/fa-brands-400.eot' (133,034)
2022-12-22 01:13:23: Copy Over 'E:/DaeiBlog/wp-content/uploads/exported_html_files/tmp_files/fonts/fa-brands-400.ttf' -> 'C:/Users/User/Documents/blog/fonts/fa-brands-400.ttf' (132,728)
2022-12-22 01:13:23: Copy Over 'E:/DaeiBlog/wp-content/uploads/exported_html_files/tmp_files/fonts/fa-brands-400.woff' -> 'C:/Users/User/Documents/blog/fonts/fa-brands-400.woff' (89,824)
2022-12-22 01:13:23: Copy Over 'E:/DaeiBlog/wp-content/uploads/exported_html_files/tmp_files/fonts/fa-brands-400.woff2' -> 'C:/Users/User/Documents/blog/fonts/fa-brands-400.woff2' (76,612)
2022-12-22 01:13:23: Copy Over 'E:/DaeiBlog/wp-content/uploads/exported_html_files/tmp_files/fonts/fa-regular-400.ttf' -> 'C:/Users/User/Documents/blog/fonts/fa-regular-400.ttf' (34,092)
2022-12-22 01:13:23: Copy Over 'E:/DaeiBlog/wp-content/uploads/exported_html_files/tmp_files/fonts/fa-regular-400.eot' -> 'C:/Users/User/Documents/blog/fonts/fa-regular-400.eot' (34,390)
2022-12-22 01:13:23: Copy Over 'E:/DaeiBlog/wp-content/uploads/exported_html_files/tmp_files/fonts/fa-regular-400.woff' -> 'C:/Users/User/Documents/blog/fonts/fa-regular-400.woff' (16,800)
2022-12-22 01:13:23: Copy Over 'E:/DaeiBlog/wp-content/uploads/exported_html_files/tmp_files/fonts/fa-regular-400.woff2' -> 'C:/Users/User/Documents/blog/fonts/fa-regular-400.woff2' (13,584)
2022-12-22 01:13:23: Copy Over 'E:/DaeiBlog/wp-content/uploads/exported_html_files/tmp_files/fonts/fa-solid-900.eot' -> 'C:/Users/User/Documents/blog/fonts/fa-solid-900.eot' (202,902)
2022-12-22 01:13:23: Copy Over 'E:/DaeiBlog/wp-content/uploads/exported_html_files/tmp_files/fonts/fa-solid-900.ttf' -> 'C:/Users/User/Documents/blog/fonts/fa-solid-900.ttf' (202,616)
2022-12-22 01:13:23: Copy Over 'E:/DaeiBlog/wp-content/uploads/exported_html_files/tmp_files/fonts/fa-solid-900.woff' -> 'C:/Users/User/Documents/blog/fonts/fa-solid-900.woff' (103,300)
2022-12-22 01:13:23: Copy Over 'E:/DaeiBlog/wp-content/uploads/exported_html_files/tmp_files/fonts/fa-solid-900.woff2' -> 'C:/Users/User/Documents/blog/fonts/fa-solid-900.woff2' (79,444)
2022-12-22 01:13:23: Copy Over 'E:/DaeiBlog/wp-content/uploads/exported_html_files/tmp_files/fonts/tielabs-fonticon.eot' -> 'C:/Users/User/Documents/blog/fonts/tielabs-fonticon.eot' (40,936)
2022-12-22 01:13:23: Copy Over 'E:/DaeiBlog/wp-content/uploads/exported_html_files/tmp_files/fonts/tielabs-fonticon.ttf' -> 'C:/Users/User/Documents/blog/fonts/tielabs-fonticon.ttf' (40,736)
2022-12-22 01:13:23: Copy Over 'E:/DaeiBlog/wp-content/uploads/exported_html_files/tmp_files/fonts/tielabs-fonticon.woff' -> 'C:/Users/User/Documents/blog/fonts/tielabs-fonticon.woff' (40,812)
2022-12-22 01:13:23: Copy Over 'E:/DaeiBlog/wp-content/uploads/exported_html_files/tmp_files/fonts/tielabs-fonticon.eot#iefix' -> 'C:/Users/User/Documents/blog/fonts/tielabs-fonticon.eot#iefix' (40,936)
2022-12-22 01:13:23: Copy Over 'E:/DaeiBlog/wp-content/uploads/exported_html_files/tmp_files/images/20221222005114433535-390x220.jpg' -> 'C:/Users/User/Documents/blog/images/20221222005114433535-390x220.jpg' (5,639)
2022-12-22 01:13:23: Copy Over 'E:/DaeiBlog/wp-content/uploads/exported_html_files/tmp_files/images/20221222005114433535-780x470.jpg' -> 'C:/Users/User/Documents/blog/images/20221222005114433535-780x470.jpg' (16,157)
2022-12-22 01:13:23: Copy Over 'E:/DaeiBlog/wp-content/uploads/exported_html_files/tmp_files/images/20221222005114433535.jpg' -> 'C:/Users/User/Documents/blog/images/20221222005114433535.jpg' (24,349)
2022-12-22 01:13:23: Copy Over 'E:/DaeiBlog/wp-content/uploads/exported_html_files/tmp_files/images/20221222005249501584-1024x576.png' -> 'C:/Users/User/Documents/blog/images/20221222005249501584-1024x576.png' (807,781)
2022-12-22 01:13:23: Copy Over 'E:/DaeiBlog/wp-content/uploads/exported_html_files/tmp_files/images/20221222005324761711.webp' -> 'C:/Users/User/Documents/blog/images/20221222005324761711.webp' (34,018)
2022-12-22 01:13:23: Copy Over 'E:/DaeiBlog/wp-content/uploads/exported_html_files/tmp_files/images/20221222005339302630.jpg' -> 'C:/Users/User/Documents/blog/images/20221222005339302630.jpg' (105,186)
2022-12-22 01:13:23: Copy New 'E:/DaeiBlog/wp-content/uploads/exported_html_files/tmp_files/images/5379.jpg' -> 'C:/Users/User/Documents/blog/images/5379.jpg' (49,436)
2022-12-22 01:13:23: Copy New 'E:/DaeiBlog/wp-content/uploads/exported_html_files/tmp_files/images/6132.jpg' -> 'C:/Users/User/Documents/blog/images/6132.jpg' (1,936)
2022-12-22 01:13:23: Copy New 'E:/DaeiBlog/wp-content/uploads/exported_html_files/tmp_files/images/5518.jpg' -> 'C:/Users/User/Documents/blog/images/5518.jpg' (105,186)
2022-12-22 01:13:23: Copy New 'E:/DaeiBlog/wp-content/uploads/exported_html_files/tmp_files/images/7114.jpg' -> 'C:/Users/User/Documents/blog/images/7114.jpg' (0)
2022-12-22 01:13:23: Copy New 'E:/DaeiBlog/wp-content/uploads/exported_html_files/tmp_files/images/8081.jpg' -> 'C:/Users/User/Documents/blog/images/8081.jpg' (5,639)
2022-12-22 01:13:23: Copy New 'E:/DaeiBlog/wp-content/uploads/exported_html_files/tmp_files/images/8556.jpg' -> 'C:/Users/User/Documents/blog/images/8556.jpg' (105,186)
2022-12-22 01:13:23: Copy New 'E:/DaeiBlog/wp-content/uploads/exported_html_files/tmp_files/images/8968.jpg' -> 'C:/Users/User/Documents/blog/images/8968.jpg' (105,186)
2022-12-22 01:13:23: Copy New 'E:/DaeiBlog/wp-content/uploads/exported_html_files/tmp_files/images/9155.jpg' -> 'C:/Users/User/Documents/blog/images/9155.jpg' (0)
2022-12-22 01:13:23: Copy New 'E:/DaeiBlog/wp-content/uploads/exported_html_files/tmp_files/images/9094.jpg' -> 'C:/Users/User/Documents/blog/images/9094.jpg' (105,186)
2022-12-22 01:13:23: Copy New 'E:/DaeiBlog/wp-content/uploads/exported_html_files/tmp_files/images/9697.jpg' -> 'C:/Users/User/Documents/blog/images/9697.jpg' (0)
2022-12-22 01:13:23: Copy New 'E:/DaeiBlog/wp-content/uploads/exported_html_files/tmp_files/images/9701.jpg' -> 'C:/Users/User/Documents/blog/images/9701.jpg' (0)
2022-12-22 01:13:23: Copy New 'E:/DaeiBlog/wp-content/uploads/exported_html_files/tmp_files/images/9891.jpg' -> 'C:/Users/User/Documents/blog/images/9891.jpg' (5,666)
2022-12-22 01:13:23: Copy New 'E:/DaeiBlog/wp-content/uploads/exported_html_files/tmp_files/images/9922.jpg' -> 'C:/Users/User/Documents/blog/images/9922.jpg' (0)
2022-12-22 01:13:23: Copy Over 'E:/DaeiBlog/wp-content/uploads/exported_html_files/tmp_files/images/alert.png' -> 'C:/Users/User/Documents/blog/images/alert.png' (2,255)
2022-12-22 01:13:23: Copy Over 'E:/DaeiBlog/wp-content/uploads/exported_html_files/tmp_files/images/arrow-next-icon-64.png' -> 'C:/Users/User/Documents/blog/images/arrow-next-icon-64.png' (593)
2022-12-22 01:13:23: Copy Over 'E:/DaeiBlog/wp-content/uploads/exported_html_files/tmp_files/images/arrow-next-icon-ie.png' -> 'C:/Users/User/Documents/blog/images/arrow-next-icon-ie.png' (651)
2022-12-22 01:13:23: Copy Over 'E:/DaeiBlog/wp-content/uploads/exported_html_files/tmp_files/images/arrow-next-vertical-icon-64.png' -> 'C:/Users/User/Documents/blog/images/arrow-next-vertical-icon-64.png' (677)
2022-12-22 01:13:23: Copy Over 'E:/DaeiBlog/wp-content/uploads/exported_html_files/tmp_files/images/arrow-prev-icon-64.png' -> 'C:/Users/User/Documents/blog/images/arrow-prev-icon-64.png' (596)
2022-12-22 01:13:23: Copy Over 'E:/DaeiBlog/wp-content/uploads/exported_html_files/tmp_files/images/arrow-prev-icon-ie.png' -> 'C:/Users/User/Documents/blog/images/arrow-prev-icon-ie.png' (658)
2022-12-22 01:13:23: Copy Over 'E:/DaeiBlog/wp-content/uploads/exported_html_files/tmp_files/images/arrow-prev-vertical-icon-64.png' -> 'C:/Users/User/Documents/blog/images/arrow-prev-vertical-icon-64.png' (654)
2022-12-22 01:13:23: Copy Over 'E:/DaeiBlog/wp-content/uploads/exported_html_files/tmp_files/images/buttons.png' -> 'C:/Users/User/Documents/blog/images/buttons.png' (842)
2022-12-22 01:13:23: Copy Over 'E:/DaeiBlog/wp-content/uploads/exported_html_files/tmp_files/images/caption-bg.png' -> 'C:/Users/User/Documents/blog/images/caption-bg.png' (930)
2022-12-22 01:13:23: Copy Over 'E:/DaeiBlog/wp-content/uploads/exported_html_files/tmp_files/images/code-bg.png' -> 'C:/Users/User/Documents/blog/images/code-bg.png' (77)
2022-12-22 01:13:23: Copy Over 'E:/DaeiBlog/wp-content/uploads/exported_html_files/tmp_files/images/fa-brands-400.svg#fontawesome' -> 'C:/Users/User/Documents/blog/images/fa-brands-400.svg#fontawesome' (715,890)
2022-12-22 01:13:23: Copy Over 'E:/DaeiBlog/wp-content/uploads/exported_html_files/tmp_files/images/fa-regular-400.svg#fontawesome' -> 'C:/Users/User/Documents/blog/images/fa-regular-400.svg#fontawesome' (144,322)
2022-12-22 01:13:23: Copy Over 'E:/DaeiBlog/wp-content/uploads/exported_html_files/tmp_files/images/fa-solid-900.svg#fontawesome' -> 'C:/Users/User/Documents/blog/images/fa-solid-900.svg#fontawesome' (897,426)
2022-12-22 01:13:23: Copy Over 'E:/DaeiBlog/wp-content/uploads/exported_html_files/tmp_files/images/fullscreen-icon-64.png' -> 'C:/Users/User/Documents/blog/images/fullscreen-icon-64.png' (175)
2022-12-22 01:13:23: Copy Over 'E:/DaeiBlog/wp-content/uploads/exported_html_files/tmp_files/images/fullscreen-icon-ie.png' -> 'C:/Users/User/Documents/blog/images/fullscreen-icon-ie.png' (245)
2022-12-22 01:13:23: Copy Over 'E:/DaeiBlog/wp-content/uploads/exported_html_files/tmp_files/images/logo.png' -> 'C:/Users/User/Documents/blog/images/logo.png' (64,759)
2022-12-22 01:13:23: Copy Over 'E:/DaeiBlog/wp-content/uploads/exported_html_files/tmp_files/images/pause-icon-64.png' -> 'C:/Users/User/Documents/blog/images/pause-icon-64.png' (166)
2022-12-22 01:13:23: Copy Over 'E:/DaeiBlog/wp-content/uploads/exported_html_files/tmp_files/images/pause-icon-ie.png' -> 'C:/Users/User/Documents/blog/images/pause-icon-ie.png' (302)
2022-12-22 01:13:23: Copy Over 'E:/DaeiBlog/wp-content/uploads/exported_html_files/tmp_files/images/play-icon-64.png' -> 'C:/Users/User/Documents/blog/images/play-icon-64.png' (639)
2022-12-22 01:13:23: Copy Over 'E:/DaeiBlog/wp-content/uploads/exported_html_files/tmp_files/images/play-icon-ie.png' -> 'C:/Users/User/Documents/blog/images/play-icon-ie.png' (563)
2022-12-22 01:13:23: Copy Over 'E:/DaeiBlog/wp-content/uploads/exported_html_files/tmp_files/images/preloader.gif' -> 'C:/Users/User/Documents/blog/images/preloader.gif' (5,721)
2022-12-22 01:13:23: Copy Over 'E:/DaeiBlog/wp-content/uploads/exported_html_files/tmp_files/images/thumb-overlay-play.png' -> 'C:/Users/User/Documents/blog/images/thumb-overlay-play.png' (1,505)
2022-12-22 01:13:23: Copy Over 'E:/DaeiBlog/wp-content/uploads/exported_html_files/tmp_files/images/x-mark-icon-64.png' -> 'C:/Users/User/Documents/blog/images/x-mark-icon-64.png' (528)
2022-12-22 01:13:23: Copy Over 'E:/DaeiBlog/wp-content/uploads/exported_html_files/tmp_files/images/tielabs-fonticon.svg#tielabs-fonticon' -> 'C:/Users/User/Documents/blog/images/tielabs-fonticon.svg#tielabs-fonticon' (141,497)
2022-12-22 01:13:23: Copy Over 'E:/DaeiBlog/wp-content/uploads/exported_html_files/tmp_files/images/x-mark-icon-ie.png' -> 'C:/Users/User/Documents/blog/images/x-mark-icon-ie.png' (984)
2022-12-22 01:13:23: Copy Over 'E:/DaeiBlog/wp-content/uploads/exported_html_files/tmp_files/index.html' -> 'C:/Users/User/Documents/blog/index.html' (59,077)
2022-12-22 01:13:23: Copy Over 'E:/DaeiBlog/wp-content/uploads/exported_html_files/tmp_files/js/export-wp-page-to-static-html-public.js' -> 'C:/Users/User/Documents/blog/js/export-wp-page-to-static-html-public.js' (955)
2022-12-22 01:13:23: Copy Over 'E:/DaeiBlog/wp-content/uploads/exported_html_files/tmp_files/js/desktop.min.js' -> 'C:/Users/User/Documents/blog/js/desktop.min.js' (18,120)
2022-12-22 01:13:23: Copy Over 'E:/DaeiBlog/wp-content/uploads/exported_html_files/tmp_files/js/imagesloaded.min.js' -> 'C:/Users/User/Documents/blog/js/imagesloaded.min.js' (5,746)
2022-12-22 01:13:23: Copy Over 'E:/DaeiBlog/wp-content/uploads/exported_html_files/tmp_files/js/jquery.masonry.min.js' -> 'C:/Users/User/Documents/blog/js/jquery.masonry.min.js' (1,936)
2022-12-22 01:13:23: Copy Over 'E:/DaeiBlog/wp-content/uploads/exported_html_files/tmp_files/js/jquery-migrate.min.js' -> 'C:/Users/User/Documents/blog/js/jquery-migrate.min.js' (11,341)
2022-12-22 01:13:23: Copy Over 'E:/DaeiBlog/wp-content/uploads/exported_html_files/tmp_files/js/jquery.min.js' -> 'C:/Users/User/Documents/blog/js/jquery.min.js' (89,801)
2022-12-22 01:13:23: Copy Over 'E:/DaeiBlog/wp-content/uploads/exported_html_files/tmp_files/js/lightbox.js' -> 'C:/Users/User/Documents/blog/js/lightbox.js' (81,577)
2022-12-22 01:13:23: Copy Over 'E:/DaeiBlog/wp-content/uploads/exported_html_files/tmp_files/js/live-search.js' -> 'C:/Users/User/Documents/blog/js/live-search.js' (14,718)
2022-12-22 01:13:23: Copy Over 'E:/DaeiBlog/wp-content/uploads/exported_html_files/tmp_files/js/masonry.min.js' -> 'C:/Users/User/Documents/blog/js/masonry.min.js' (24,255)
2022-12-22 01:13:23: Copy Over 'E:/DaeiBlog/wp-content/uploads/exported_html_files/tmp_files/js/scripts.min.js' -> 'C:/Users/User/Documents/blog/js/scripts.min.js' (23,570)
2022-12-22 01:13:23: Copy Over 'E:/DaeiBlog/wp-content/uploads/exported_html_files/tmp_files/js/single.min.js' -> 'C:/Users/User/Documents/blog/js/single.min.js' (5,666)
2022-12-22 01:13:23: Copy Over 'E:/DaeiBlog/wp-content/uploads/exported_html_files/tmp_files/js/sliders.min.js' -> 'C:/Users/User/Documents/blog/js/sliders.min.js' (49,436)
2022-12-22 01:13:23: Copy Over 'E:/DaeiBlog/wp-content/uploads/exported_html_files/tmp_files/js/wpsh.js' -> 'C:/Users/User/Documents/blog/js/wpsh.js' (2,003)
2022-12-22 01:13:23: == Sync Complete. Time: 00:00:00, Speed: 0.00/s, OK: 143, Errors: 0
