2022-12-22 01:05:50: == Sync Started by User Command
2022-12-22 01:05:50: Delete File C:/Users/User/Documents/blog/.git/COMMIT_EDITMSG
2022-12-22 01:05:50: Delete File C:/Users/User/Documents/blog/.git/config
2022-12-22 01:05:50: Delete File C:/Users/User/Documents/blog/.git/description
2022-12-22 01:05:50: Delete File C:/Users/User/Documents/blog/.git/FETCH_HEAD
2022-12-22 01:05:50: Delete File C:/Users/User/Documents/blog/.git/HEAD
2022-12-22 01:05:50: Delete File C:/Users/User/Documents/blog/.git/hooks/applypatch-msg.sample
2022-12-22 01:05:50: Delete File C:/Users/User/Documents/blog/.git/hooks/commit-msg.sample
2022-12-22 01:05:50: Delete File C:/Users/User/Documents/blog/.git/hooks/fsmonitor-watchman.sample
2022-12-22 01:05:50: Delete File C:/Users/User/Documents/blog/.git/hooks/post-update.sample
2022-12-22 01:05:50: Delete File C:/Users/User/Documents/blog/.git/hooks/pre-applypatch.sample
2022-12-22 01:05:50: Delete File C:/Users/User/Documents/blog/.git/hooks/pre-commit.sample
2022-12-22 01:05:50: Delete File C:/Users/User/Documents/blog/.git/hooks/pre-merge-commit.sample
2022-12-22 01:05:50: Delete File C:/Users/User/Documents/blog/.git/hooks/pre-push.sample
2022-12-22 01:05:50: Delete File C:/Users/User/Documents/blog/.git/hooks/pre-rebase.sample
2022-12-22 01:05:50: Delete File C:/Users/User/Documents/blog/.git/hooks/pre-receive.sample
2022-12-22 01:05:50: Delete File C:/Users/User/Documents/blog/.git/hooks/prepare-commit-msg.sample
2022-12-22 01:05:50: Delete File C:/Users/User/Documents/blog/.git/hooks/push-to-checkout.sample
2022-12-22 01:05:50: Delete File C:/Users/User/Documents/blog/.git/hooks/update.sample
2022-12-22 01:05:50: Delete Folder C:/Users/User/Documents/blog/.git/hooks
2022-12-22 01:05:50: Delete File C:/Users/User/Documents/blog/.git/index
2022-12-22 01:05:50: Delete File C:/Users/User/Documents/blog/.git/info/exclude
2022-12-22 01:05:50: Delete Folder C:/Users/User/Documents/blog/.git/info
2022-12-22 01:05:50: Delete File C:/Users/User/Documents/blog/.git/logs/HEAD
2022-12-22 01:05:50: Delete File C:/Users/User/Documents/blog/.git/logs/refs/heads/main
2022-12-22 01:05:50: Delete Folder C:/Users/User/Documents/blog/.git/logs/refs/heads
2022-12-22 01:05:50: Delete File C:/Users/User/Documents/blog/.git/logs/refs/remotes/origin/HEAD
2022-12-22 01:05:50: Delete File C:/Users/User/Documents/blog/.git/logs/refs/remotes/origin/main
2022-12-22 01:05:50: Delete Folder C:/Users/User/Documents/blog/.git/logs/refs/remotes/origin
2022-12-22 01:05:50: Delete Folder C:/Users/User/Documents/blog/.git/logs/refs/remotes
2022-12-22 01:05:50: Delete Folder C:/Users/User/Documents/blog/.git/logs/refs
2022-12-22 01:05:50: Delete Folder C:/Users/User/Documents/blog/.git/logs
2022-12-22 01:05:50: Delete File C:/Users/User/Documents/blog/.git/objects/01/c73360677c0d1a8f32e0ff573ef7681203f3b1
2022-12-22 01:05:50: Delete Folder C:/Users/User/Documents/blog/.git/objects/01
2022-12-22 01:05:50: Delete File C:/Users/User/Documents/blog/.git/objects/09/278befe1ee844f334a0c54ef907c68bbc84146
2022-12-22 01:05:50: Delete Folder C:/Users/User/Documents/blog/.git/objects/09
2022-12-22 01:05:50: Delete File C:/Users/User/Documents/blog/.git/objects/0f/0c233f762e588066dff72047d31be2c01465a0
2022-12-22 01:05:50: Delete Folder C:/Users/User/Documents/blog/.git/objects/0f
2022-12-22 01:05:50: Delete File C:/Users/User/Documents/blog/.git/objects/14/de1e8ce9f234da9d4c1fa4302d0f17ebafc0c6
2022-12-22 01:05:50: Delete Folder C:/Users/User/Documents/blog/.git/objects/14
2022-12-22 01:05:50: Delete File C:/Users/User/Documents/blog/.git/objects/1e/d261e2215dcd8bb56595f76a63c11cc79a9445
2022-12-22 01:05:50: Delete Folder C:/Users/User/Documents/blog/.git/objects/1e
2022-12-22 01:05:50: Delete File C:/Users/User/Documents/blog/.git/objects/23/b8f5eb273534310c8cb004977072b764475079
2022-12-22 01:05:50: Delete Folder C:/Users/User/Documents/blog/.git/objects/23
2022-12-22 01:05:50: Delete File C:/Users/User/Documents/blog/.git/objects/34/b03ca12aaecbd715fd89d8296406787d2402d5
2022-12-22 01:05:50: Delete Folder C:/Users/User/Documents/blog/.git/objects/34
2022-12-22 01:05:50: Delete File C:/Users/User/Documents/blog/.git/objects/36/7ea70244f8895ab031e455e8ec7ad2679aa2cf
2022-12-22 01:05:50: Delete File C:/Users/User/Documents/blog/.git/objects/36/84cb20b420e7017aa78ec02bf6ac4a41169d79
2022-12-22 01:05:50: Delete Folder C:/Users/User/Documents/blog/.git/objects/36
2022-12-22 01:05:50: Delete File C:/Users/User/Documents/blog/.git/objects/38/51de1c713c1c2a2b1dd7758100ec6559756bf6
2022-12-22 01:05:50: Delete Folder C:/Users/User/Documents/blog/.git/objects/38
2022-12-22 01:05:50: Delete File C:/Users/User/Documents/blog/.git/objects/3d/25d7298933974f4880c3e6d2330488e43cd50b
2022-12-22 01:05:50: Delete File C:/Users/User/Documents/blog/.git/objects/3d/84d85749ef5ec87ac40fdbe24b6c98c0df6c44
2022-12-22 01:05:50: Delete Folder C:/Users/User/Documents/blog/.git/objects/3d
2022-12-22 01:05:50: Delete File C:/Users/User/Documents/blog/.git/objects/4c/0cefb5f4846f862dec498509ce31f6eb71de30
2022-12-22 01:05:50: Delete File C:/Users/User/Documents/blog/.git/objects/4c/fed5f4a052b22103e7b85a106f1ff3154e2583
2022-12-22 01:05:50: Delete Folder C:/Users/User/Documents/blog/.git/objects/4c
2022-12-22 01:05:50: Delete File C:/Users/User/Documents/blog/.git/objects/58/7f3fb93ef5bd89e44edef2316404a7c311dc9d
2022-12-22 01:05:50: Delete File C:/Users/User/Documents/blog/.git/objects/58/f8d87bb549985a1837bef52948fade0b483cd2
2022-12-22 01:05:50: Delete Folder C:/Users/User/Documents/blog/.git/objects/58
2022-12-22 01:05:50: Delete File C:/Users/User/Documents/blog/.git/objects/5e/f9911c0ba54176e136bfa260bdf06121723435
2022-12-22 01:05:50: Delete Folder C:/Users/User/Documents/blog/.git/objects/5e
2022-12-22 01:05:50: Delete File C:/Users/User/Documents/blog/.git/objects/60/e2a1b6474b39915d096883d4533c5448c17042
2022-12-22 01:05:50: Delete Folder C:/Users/User/Documents/blog/.git/objects/60
2022-12-22 01:05:50: Delete File C:/Users/User/Documents/blog/.git/objects/62/e1df2f86fdcf10a0b22923289ece85d6217fcb
2022-12-22 01:05:50: Delete Folder C:/Users/User/Documents/blog/.git/objects/62
2022-12-22 01:05:50: Delete File C:/Users/User/Documents/blog/.git/objects/64/bbe4f90b76d6e4c13175acc082c06b7d7fe472
2022-12-22 01:05:50: Delete Folder C:/Users/User/Documents/blog/.git/objects/64
2022-12-22 01:05:50: Delete File C:/Users/User/Documents/blog/.git/objects/65/306169a845e24e08133d23e2e8d612889574b2
2022-12-22 01:05:50: Delete Folder C:/Users/User/Documents/blog/.git/objects/65
2022-12-22 01:05:50: Delete File C:/Users/User/Documents/blog/.git/objects/66/8ddfac9e644d5c9e6c9a0a753d628754011f84
2022-12-22 01:05:50: Delete Folder C:/Users/User/Documents/blog/.git/objects/66
2022-12-22 01:05:50: Delete File C:/Users/User/Documents/blog/.git/objects/67/ffa1853131f69f54f43b6eb58a065c6ddf44cf
2022-12-22 01:05:50: Delete Folder C:/Users/User/Documents/blog/.git/objects/67
2022-12-22 01:05:50: Delete File C:/Users/User/Documents/blog/.git/objects/6c/2ca3db1ebcd50cb58f7b99cfbee97f32fc4867
2022-12-22 01:05:50: Delete Folder C:/Users/User/Documents/blog/.git/objects/6c
2022-12-22 01:05:50: Delete File C:/Users/User/Documents/blog/.git/objects/6e/572f32d5bfbb7aaf4de3fc6c34ba90b98eeed4
2022-12-22 01:05:50: Delete Folder C:/Users/User/Documents/blog/.git/objects/6e
2022-12-22 01:05:50: Delete File C:/Users/User/Documents/blog/.git/objects/78/3d005ee4ed91b585ae694532327fab49721761
2022-12-22 01:05:50: Delete Folder C:/Users/User/Documents/blog/.git/objects/78
2022-12-22 01:05:50: Delete File C:/Users/User/Documents/blog/.git/objects/7b/637b24152bc0d49127b735e9285beb993ca63b
2022-12-22 01:05:50: Delete Folder C:/Users/User/Documents/blog/.git/objects/7b
2022-12-22 01:05:50: Delete File C:/Users/User/Documents/blog/.git/objects/7f/61de070d4448f945f15ca8214cdabfb7eb8600
2022-12-22 01:05:50: Delete Folder C:/Users/User/Documents/blog/.git/objects/7f
2022-12-22 01:05:50: Delete File C:/Users/User/Documents/blog/.git/objects/83/18d30a2d33fd0cc2d6de12a56cb4e0702fbdbe
2022-12-22 01:05:50: Delete Folder C:/Users/User/Documents/blog/.git/objects/83
2022-12-22 01:05:50: Delete File C:/Users/User/Documents/blog/.git/objects/87/28a1e86c5eeb81adbba81834a06e82b875990c
2022-12-22 01:05:50: Delete Folder C:/Users/User/Documents/blog/.git/objects/87
2022-12-22 01:05:50: Delete File C:/Users/User/Documents/blog/.git/objects/8d/e358f839f70b5799e4b106f53fd3a17ac0d20c
2022-12-22 01:05:50: Delete Folder C:/Users/User/Documents/blog/.git/objects/8d
2022-12-22 01:05:50: Delete File C:/Users/User/Documents/blog/.git/objects/90/3d2eeebadd300913e6debb5367b1331d1ffd2f
2022-12-22 01:05:50: Delete File C:/Users/User/Documents/blog/.git/objects/90/5f9efce550f3c97f97ded972aa9e50739c3c45
2022-12-22 01:05:50: Delete Folder C:/Users/User/Documents/blog/.git/objects/90
2022-12-22 01:05:50: Delete File C:/Users/User/Documents/blog/.git/objects/98/95e67be7d6edf3e9fc4a4f8125e875d1dbf610
2022-12-22 01:05:50: Delete Folder C:/Users/User/Documents/blog/.git/objects/98
2022-12-22 01:05:50: Delete File C:/Users/User/Documents/blog/.git/objects/9b/71ef842d817be1f2cc804ec5c7136eafd5dd02
2022-12-22 01:05:50: Delete Folder C:/Users/User/Documents/blog/.git/objects/9b
2022-12-22 01:05:50: Delete File C:/Users/User/Documents/blog/.git/objects/9d/e38cfe89975c7c1ada250c165ac19d3297e26f
2022-12-22 01:05:50: Delete Folder C:/Users/User/Documents/blog/.git/objects/9d
2022-12-22 01:05:50: Delete File C:/Users/User/Documents/blog/.git/objects/9e/ee4fd4f9f48a2da3945648d8c3aa5d96ef2133
2022-12-22 01:05:50: Delete Folder C:/Users/User/Documents/blog/.git/objects/9e
2022-12-22 01:05:50: Delete File C:/Users/User/Documents/blog/.git/objects/a1/767fb6da83387eb895ec4ad0429a9ce7db5977
2022-12-22 01:05:50: Delete Folder C:/Users/User/Documents/blog/.git/objects/a1
2022-12-22 01:05:50: Delete File C:/Users/User/Documents/blog/.git/objects/a2/28622a2ecc23dc259a92bbd396971fac1e4d6e
2022-12-22 01:05:50: Delete Folder C:/Users/User/Documents/blog/.git/objects/a2
2022-12-22 01:05:50: Delete File C:/Users/User/Documents/blog/.git/objects/aa/681ef787609b1b53361cc99e8270a6c26c93d6
2022-12-22 01:05:50: Delete Folder C:/Users/User/Documents/blog/.git/objects/aa
2022-12-22 01:05:50: Delete File C:/Users/User/Documents/blog/.git/objects/b8/bb892ef72806b2f46e209d5f36c765e72a6222
2022-12-22 01:05:50: Delete Folder C:/Users/User/Documents/blog/.git/objects/b8
2022-12-22 01:05:50: Delete File C:/Users/User/Documents/blog/.git/objects/c1/25dc854b3eb70d6c750d458f6af47d1f4aeba9
2022-12-22 01:05:50: Delete File C:/Users/User/Documents/blog/.git/objects/c1/d6a83569441571e028f3c542d83cd0a90bb47d
2022-12-22 01:05:50: Delete Folder C:/Users/User/Documents/blog/.git/objects/c1
2022-12-22 01:05:50: Delete File C:/Users/User/Documents/blog/.git/objects/c3/05c45361934d4e2071a6ac985ae7f4ed7306bf
2022-12-22 01:05:50: Delete Folder C:/Users/User/Documents/blog/.git/objects/c3
2022-12-22 01:05:50: Delete File C:/Users/User/Documents/blog/.git/objects/cb/db62ec6aec78b6fa279380dbf9a1c76d538831
2022-12-22 01:05:50: Delete Folder C:/Users/User/Documents/blog/.git/objects/cb
2022-12-22 01:05:50: Delete File C:/Users/User/Documents/blog/.git/objects/d5/cd82393bfa61f94a14a56d81579791820c7776
2022-12-22 01:05:50: Delete Folder C:/Users/User/Documents/blog/.git/objects/d5
2022-12-22 01:05:50: Delete File C:/Users/User/Documents/blog/.git/objects/dd/6f886f3f5cdd65bbaec9b4b6e95b5c54faa727
2022-12-22 01:05:50: Delete Folder C:/Users/User/Documents/blog/.git/objects/dd
2022-12-22 01:05:50: Delete File C:/Users/User/Documents/blog/.git/objects/df/aae2b4cf79771cfb9ea015751457cf34abaff1
2022-12-22 01:05:50: Delete Folder C:/Users/User/Documents/blog/.git/objects/df
2022-12-22 01:05:50: Delete File C:/Users/User/Documents/blog/.git/objects/e1/d12787d7a179ca63bb7e45da6f19bff61d641f
2022-12-22 01:05:50: Delete Folder C:/Users/User/Documents/blog/.git/objects/e1
2022-12-22 01:05:50: Delete File C:/Users/User/Documents/blog/.git/objects/e3/07b8a9c6e110007f554a99d2f2ffbaa9b2040c
2022-12-22 01:05:50: Delete Folder C:/Users/User/Documents/blog/.git/objects/e3
2022-12-22 01:05:50: Delete File C:/Users/User/Documents/blog/.git/objects/eb/5c50c63117bbd74f4fc9844cf01f2a8e54f591
2022-12-22 01:05:50: Delete Folder C:/Users/User/Documents/blog/.git/objects/eb
2022-12-22 01:05:50: Delete File C:/Users/User/Documents/blog/.git/objects/ff/5b4f2d26b3e76cfb84751de300dbbef4919d0f
2022-12-22 01:05:50: Delete Folder C:/Users/User/Documents/blog/.git/objects/ff
2022-12-22 01:05:50: Delete Folder C:/Users/User/Documents/blog/.git/objects/info
2022-12-22 01:05:50: Delete File C:/Users/User/Documents/blog/.git/objects/pack/pack-7d903e4bb9e682991f5b725f1540132e48d7b719.idx
2022-12-22 01:05:50: Delete File C:/Users/User/Documents/blog/.git/objects/pack/pack-7d903e4bb9e682991f5b725f1540132e48d7b719.pack
2022-12-22 01:05:50: Delete Folder C:/Users/User/Documents/blog/.git/objects/pack
2022-12-22 01:05:50: Delete Folder C:/Users/User/Documents/blog/.git/objects
2022-12-22 01:05:50: Delete File C:/Users/User/Documents/blog/.git/packed-refs
2022-12-22 01:05:50: Delete File C:/Users/User/Documents/blog/.git/refs/heads/main
2022-12-22 01:05:50: Delete Folder C:/Users/User/Documents/blog/.git/refs/heads
2022-12-22 01:05:50: Delete File C:/Users/User/Documents/blog/.git/refs/remotes/origin/HEAD
2022-12-22 01:05:50: Delete File C:/Users/User/Documents/blog/.git/refs/remotes/origin/main
2022-12-22 01:05:50: Delete Folder C:/Users/User/Documents/blog/.git/refs/remotes/origin
2022-12-22 01:05:50: Delete Folder C:/Users/User/Documents/blog/.git/refs/remotes
2022-12-22 01:05:50: Delete Folder C:/Users/User/Documents/blog/.git/refs/tags
2022-12-22 01:05:50: Delete Folder C:/Users/User/Documents/blog/.git/refs
2022-12-22 01:05:50: Delete Folder C:/Users/User/Documents/blog/.git
2022-12-22 01:05:50: Delete File C:/Users/User/Documents/blog/images/5545.jpg
2022-12-22 01:05:50: Delete File C:/Users/User/Documents/blog/images/5553.jpg
2022-12-22 01:05:50: Delete File C:/Users/User/Documents/blog/images/6363.jpg
2022-12-22 01:05:50: Delete File C:/Users/User/Documents/blog/images/6373.jpg
2022-12-22 01:05:50: Delete File C:/Users/User/Documents/blog/images/6392.jpg
2022-12-22 01:05:50: Delete File C:/Users/User/Documents/blog/images/6465.jpg
2022-12-22 01:05:50: Delete File C:/Users/User/Documents/blog/images/6559.jpg
2022-12-22 01:05:50: Delete File C:/Users/User/Documents/blog/images/7216.jpg
2022-12-22 01:05:50: Delete File C:/Users/User/Documents/blog/images/7567.jpg
2022-12-22 01:05:50: Delete File C:/Users/User/Documents/blog/images/7706.jpg
2022-12-22 01:05:50: Delete File C:/Users/User/Documents/blog/images/8323.jpg
2022-12-22 01:05:50: Delete File C:/Users/User/Documents/blog/images/8666.jpg
2022-12-22 01:05:50: Delete File C:/Users/User/Documents/blog/images/8694.jpg
2022-12-22 01:05:50: Copy Over 'E:/DaeiBlog/wp-content/uploads/exported_html_files/tmp_files/2022/12/21/hello-world.html' -> 'C:/Users/User/Documents/blog/2022/12/21/hello-world.html' (192,781)
2022-12-22 01:05:50: Copy Over 'E:/DaeiBlog/wp-content/uploads/exported_html_files/tmp_files/category/tie-life-style.html' -> 'C:/Users/User/Documents/blog/category/tie-life-style.html' (55,861)
2022-12-22 01:05:50: Copy Over 'E:/DaeiBlog/wp-content/uploads/exported_html_files/tmp_files/author/masterbe.html' -> 'C:/Users/User/Documents/blog/author/masterbe.html' (58,302)
2022-12-22 01:05:50: Copy Over 'E:/DaeiBlog/wp-content/uploads/exported_html_files/tmp_files/category/tie-tech.html' -> 'C:/Users/User/Documents/blog/category/tie-tech.html' (55,862)
2022-12-22 01:05:50: Copy Over 'E:/DaeiBlog/wp-content/uploads/exported_html_files/tmp_files/category/tie-world.html' -> 'C:/Users/User/Documents/blog/category/tie-world.html' (56,023)
2022-12-22 01:05:50: Copy Over 'E:/DaeiBlog/wp-content/uploads/exported_html_files/tmp_files/category/uncategorized.html' -> 'C:/Users/User/Documents/blog/category/uncategorized.html' (56,915)
2022-12-22 01:05:50: Copy Over 'E:/DaeiBlog/wp-content/uploads/exported_html_files/tmp_files/css/classic-themes.min.css' -> 'C:/Users/User/Documents/blog/css/classic-themes.min.css' (334)
2022-12-22 01:05:50: Copy Over 'E:/DaeiBlog/wp-content/uploads/exported_html_files/tmp_files/css/dist-block-library-style-rtl.min.css' -> 'C:/Users/User/Documents/blog/css/dist-block-library-style-rtl.min.css' (94,875)
2022-12-22 01:05:50: Copy Over 'E:/DaeiBlog/wp-content/uploads/exported_html_files/tmp_files/css/export-wp-page-to-static-html-public-css-export-wp-page-to-static-html-public.css' -> 'C:/Users/User/Documents/blog/css/export-wp-page-to-static-html-public-css-export-wp-page-to-static-html-public.css' (215)
2022-12-22 01:05:50: Copy Over 'E:/DaeiBlog/wp-content/uploads/exported_html_files/tmp_files/css/jannah-assets-css-base.min.css' -> 'C:/Users/User/Documents/blog/css/jannah-assets-css-base.min.css' (42,118)
2022-12-22 01:05:50: Copy Over 'E:/DaeiBlog/wp-content/uploads/exported_html_files/tmp_files/css/jannah-assets-css-helpers.min.css' -> 'C:/Users/User/Documents/blog/css/jannah-assets-css-helpers.min.css' (40,219)
2022-12-22 01:05:50: Copy Over 'E:/DaeiBlog/wp-content/uploads/exported_html_files/tmp_files/css/jannah-assets-css-fontawesome.css' -> 'C:/Users/User/Documents/blog/css/jannah-assets-css-fontawesome.css' (58,566)
2022-12-22 01:05:50: Copy Over 'E:/DaeiBlog/wp-content/uploads/exported_html_files/tmp_files/css/jannah-assets-css-print.css' -> 'C:/Users/User/Documents/blog/css/jannah-assets-css-print.css' (1,878)
2022-12-22 01:05:50: Copy Over 'E:/DaeiBlog/wp-content/uploads/exported_html_files/tmp_files/css/jannah-assets-css-single.min.css' -> 'C:/Users/User/Documents/blog/css/jannah-assets-css-single.min.css' (46,692)
2022-12-22 01:05:50: Copy Over 'E:/DaeiBlog/wp-content/uploads/exported_html_files/tmp_files/css/jannah-assets-css-style.min.css' -> 'C:/Users/User/Documents/blog/css/jannah-assets-css-style.min.css' (153,977)
2022-12-22 01:05:50: Copy Over 'E:/DaeiBlog/wp-content/uploads/exported_html_files/tmp_files/css/jannah-assets-css-widgets.min.css' -> 'C:/Users/User/Documents/blog/css/jannah-assets-css-widgets.min.css' (47,643)
2022-12-22 01:05:50: Copy Over 'E:/DaeiBlog/wp-content/uploads/exported_html_files/tmp_files/css/jannah-assets-ilightbox-light-skin-skin.css' -> 'C:/Users/User/Documents/blog/css/jannah-assets-ilightbox-light-skin-skin.css' (12,448)
2022-12-22 01:05:50: Copy Over 'E:/DaeiBlog/wp-content/uploads/exported_html_files/tmp_files/css/jannah-rtl.css' -> 'C:/Users/User/Documents/blog/css/jannah-rtl.css' (42,412)
2022-12-22 01:05:50: Copy Over 'E:/DaeiBlog/wp-content/uploads/exported_html_files/tmp_files/css/jannah-child-style.css' -> 'C:/Users/User/Documents/blog/css/jannah-child-style.css' (719)
2022-12-22 01:05:50: Copy Over 'E:/DaeiBlog/wp-content/uploads/exported_html_files/tmp_files/css/wp-shamsi-assets-css-wpsh_custom.css' -> 'C:/Users/User/Documents/blog/css/wp-shamsi-assets-css-wpsh_custom.css' (272)
2022-12-22 01:05:50: Copy Over 'E:/DaeiBlog/wp-content/uploads/exported_html_files/tmp_files/daei.blog.html' -> 'C:/Users/User/Documents/blog/daei.blog.html' (59,077)
2022-12-22 01:05:50: Copy Over 'E:/DaeiBlog/wp-content/uploads/exported_html_files/tmp_files/fonts/fa-brands-400.eot' -> 'C:/Users/User/Documents/blog/fonts/fa-brands-400.eot' (133,034)
2022-12-22 01:05:50: Copy Over 'E:/DaeiBlog/wp-content/uploads/exported_html_files/tmp_files/fonts/fa-brands-400.ttf' -> 'C:/Users/User/Documents/blog/fonts/fa-brands-400.ttf' (132,728)
2022-12-22 01:05:51: Copy Over 'E:/DaeiBlog/wp-content/uploads/exported_html_files/tmp_files/fonts/fa-brands-400.woff2' -> 'C:/Users/User/Documents/blog/fonts/fa-brands-400.woff2' (76,612)
2022-12-22 01:05:51: Copy Over 'E:/DaeiBlog/wp-content/uploads/exported_html_files/tmp_files/fonts/fa-brands-400.woff' -> 'C:/Users/User/Documents/blog/fonts/fa-brands-400.woff' (89,824)
2022-12-22 01:05:51: Copy Over 'E:/DaeiBlog/wp-content/uploads/exported_html_files/tmp_files/fonts/fa-regular-400.eot' -> 'C:/Users/User/Documents/blog/fonts/fa-regular-400.eot' (34,390)
2022-12-22 01:05:51: Copy Over 'E:/DaeiBlog/wp-content/uploads/exported_html_files/tmp_files/fonts/fa-regular-400.woff' -> 'C:/Users/User/Documents/blog/fonts/fa-regular-400.woff' (16,800)
2022-12-22 01:05:51: Copy Over 'E:/DaeiBlog/wp-content/uploads/exported_html_files/tmp_files/fonts/fa-regular-400.ttf' -> 'C:/Users/User/Documents/blog/fonts/fa-regular-400.ttf' (34,092)
2022-12-22 01:05:51: Copy Over 'E:/DaeiBlog/wp-content/uploads/exported_html_files/tmp_files/fonts/fa-regular-400.woff2' -> 'C:/Users/User/Documents/blog/fonts/fa-regular-400.woff2' (13,584)
2022-12-22 01:05:51: Copy Over 'E:/DaeiBlog/wp-content/uploads/exported_html_files/tmp_files/fonts/fa-solid-900.eot' -> 'C:/Users/User/Documents/blog/fonts/fa-solid-900.eot' (202,902)
2022-12-22 01:05:51: Copy Over 'E:/DaeiBlog/wp-content/uploads/exported_html_files/tmp_files/fonts/fa-solid-900.ttf' -> 'C:/Users/User/Documents/blog/fonts/fa-solid-900.ttf' (202,616)
2022-12-22 01:05:51: Copy Over 'E:/DaeiBlog/wp-content/uploads/exported_html_files/tmp_files/fonts/fa-solid-900.woff' -> 'C:/Users/User/Documents/blog/fonts/fa-solid-900.woff' (103,300)
2022-12-22 01:05:51: Copy Over 'E:/DaeiBlog/wp-content/uploads/exported_html_files/tmp_files/fonts/fa-solid-900.woff2' -> 'C:/Users/User/Documents/blog/fonts/fa-solid-900.woff2' (79,444)
2022-12-22 01:05:51: Copy Over 'E:/DaeiBlog/wp-content/uploads/exported_html_files/tmp_files/fonts/tielabs-fonticon.eot' -> 'C:/Users/User/Documents/blog/fonts/tielabs-fonticon.eot' (40,936)
2022-12-22 01:05:51: Copy Over 'E:/DaeiBlog/wp-content/uploads/exported_html_files/tmp_files/fonts/tielabs-fonticon.eot#iefix' -> 'C:/Users/User/Documents/blog/fonts/tielabs-fonticon.eot#iefix' (40,936)
2022-12-22 01:05:51: Copy Over 'E:/DaeiBlog/wp-content/uploads/exported_html_files/tmp_files/fonts/tielabs-fonticon.ttf' -> 'C:/Users/User/Documents/blog/fonts/tielabs-fonticon.ttf' (40,736)
2022-12-22 01:05:51: Copy Over 'E:/DaeiBlog/wp-content/uploads/exported_html_files/tmp_files/fonts/tielabs-fonticon.woff' -> 'C:/Users/User/Documents/blog/fonts/tielabs-fonticon.woff' (40,812)
2022-12-22 01:05:51: Copy Over 'E:/DaeiBlog/wp-content/uploads/exported_html_files/tmp_files/images/20221222005114433535-390x220.jpg' -> 'C:/Users/User/Documents/blog/images/20221222005114433535-390x220.jpg' (5,639)
2022-12-22 01:05:51: Copy Over 'E:/DaeiBlog/wp-content/uploads/exported_html_files/tmp_files/images/20221222005114433535-780x470.jpg' -> 'C:/Users/User/Documents/blog/images/20221222005114433535-780x470.jpg' (16,157)
2022-12-22 01:05:51: Copy Over 'E:/DaeiBlog/wp-content/uploads/exported_html_files/tmp_files/images/20221222005114433535.jpg' -> 'C:/Users/User/Documents/blog/images/20221222005114433535.jpg' (24,349)
2022-12-22 01:05:51: Copy Over 'E:/DaeiBlog/wp-content/uploads/exported_html_files/tmp_files/images/20221222005249501584-1024x576.png' -> 'C:/Users/User/Documents/blog/images/20221222005249501584-1024x576.png' (807,781)
2022-12-22 01:05:51: Copy Over 'E:/DaeiBlog/wp-content/uploads/exported_html_files/tmp_files/images/20221222005324761711.webp' -> 'C:/Users/User/Documents/blog/images/20221222005324761711.webp' (34,018)
2022-12-22 01:05:51: Copy Over 'E:/DaeiBlog/wp-content/uploads/exported_html_files/tmp_files/images/20221222005339302630.jpg' -> 'C:/Users/User/Documents/blog/images/20221222005339302630.jpg' (105,186)
2022-12-22 01:05:51: Copy New 'E:/DaeiBlog/wp-content/uploads/exported_html_files/tmp_files/images/5333.jpg' -> 'C:/Users/User/Documents/blog/images/5333.jpg' (5,639)
2022-12-22 01:05:51: Copy New 'E:/DaeiBlog/wp-content/uploads/exported_html_files/tmp_files/images/5476.jpg' -> 'C:/Users/User/Documents/blog/images/5476.jpg' (105,186)
2022-12-22 01:05:51: Copy New 'E:/DaeiBlog/wp-content/uploads/exported_html_files/tmp_files/images/5767.jpg' -> 'C:/Users/User/Documents/blog/images/5767.jpg' (0)
2022-12-22 01:05:51: Copy New 'E:/DaeiBlog/wp-content/uploads/exported_html_files/tmp_files/images/6120.jpg' -> 'C:/Users/User/Documents/blog/images/6120.jpg' (105,186)
2022-12-22 01:05:51: Copy New 'E:/DaeiBlog/wp-content/uploads/exported_html_files/tmp_files/images/6990.jpg' -> 'C:/Users/User/Documents/blog/images/6990.jpg' (105,186)
2022-12-22 01:05:51: Copy New 'E:/DaeiBlog/wp-content/uploads/exported_html_files/tmp_files/images/7637.jpg' -> 'C:/Users/User/Documents/blog/images/7637.jpg' (0)
2022-12-22 01:05:51: Copy New 'E:/DaeiBlog/wp-content/uploads/exported_html_files/tmp_files/images/7870.jpg' -> 'C:/Users/User/Documents/blog/images/7870.jpg' (0)
2022-12-22 01:05:51: Copy New 'E:/DaeiBlog/wp-content/uploads/exported_html_files/tmp_files/images/7962.jpg' -> 'C:/Users/User/Documents/blog/images/7962.jpg' (105,186)
2022-12-22 01:05:51: Copy New 'E:/DaeiBlog/wp-content/uploads/exported_html_files/tmp_files/images/8027.jpg' -> 'C:/Users/User/Documents/blog/images/8027.jpg' (0)
2022-12-22 01:05:51: Copy New 'E:/DaeiBlog/wp-content/uploads/exported_html_files/tmp_files/images/8444.jpg' -> 'C:/Users/User/Documents/blog/images/8444.jpg' (1,936)
2022-12-22 01:05:51: Copy New 'E:/DaeiBlog/wp-content/uploads/exported_html_files/tmp_files/images/9693.jpg' -> 'C:/Users/User/Documents/blog/images/9693.jpg' (0)
2022-12-22 01:05:51: Copy New 'E:/DaeiBlog/wp-content/uploads/exported_html_files/tmp_files/images/9186.jpg' -> 'C:/Users/User/Documents/blog/images/9186.jpg' (5,666)
2022-12-22 01:05:51: Copy New 'E:/DaeiBlog/wp-content/uploads/exported_html_files/tmp_files/images/9707.jpg' -> 'C:/Users/User/Documents/blog/images/9707.jpg' (49,436)
2022-12-22 01:05:51: Copy Over 'E:/DaeiBlog/wp-content/uploads/exported_html_files/tmp_files/images/alert.png' -> 'C:/Users/User/Documents/blog/images/alert.png' (2,255)
2022-12-22 01:05:51: Copy Over 'E:/DaeiBlog/wp-content/uploads/exported_html_files/tmp_files/images/arrow-next-icon-64.png' -> 'C:/Users/User/Documents/blog/images/arrow-next-icon-64.png' (593)
2022-12-22 01:05:51: Copy Over 'E:/DaeiBlog/wp-content/uploads/exported_html_files/tmp_files/images/arrow-next-icon-ie.png' -> 'C:/Users/User/Documents/blog/images/arrow-next-icon-ie.png' (651)
2022-12-22 01:05:51: Copy Over 'E:/DaeiBlog/wp-content/uploads/exported_html_files/tmp_files/images/arrow-next-vertical-icon-64.png' -> 'C:/Users/User/Documents/blog/images/arrow-next-vertical-icon-64.png' (677)
2022-12-22 01:05:51: Copy Over 'E:/DaeiBlog/wp-content/uploads/exported_html_files/tmp_files/images/arrow-prev-icon-64.png' -> 'C:/Users/User/Documents/blog/images/arrow-prev-icon-64.png' (596)
2022-12-22 01:05:51: Copy Over 'E:/DaeiBlog/wp-content/uploads/exported_html_files/tmp_files/images/arrow-prev-icon-ie.png' -> 'C:/Users/User/Documents/blog/images/arrow-prev-icon-ie.png' (658)
2022-12-22 01:05:51: Copy Over 'E:/DaeiBlog/wp-content/uploads/exported_html_files/tmp_files/images/arrow-prev-vertical-icon-64.png' -> 'C:/Users/User/Documents/blog/images/arrow-prev-vertical-icon-64.png' (654)
2022-12-22 01:05:51: Copy Over 'E:/DaeiBlog/wp-content/uploads/exported_html_files/tmp_files/images/buttons.png' -> 'C:/Users/User/Documents/blog/images/buttons.png' (842)
2022-12-22 01:05:51: Copy Over 'E:/DaeiBlog/wp-content/uploads/exported_html_files/tmp_files/images/caption-bg.png' -> 'C:/Users/User/Documents/blog/images/caption-bg.png' (930)
2022-12-22 01:05:51: Copy Over 'E:/DaeiBlog/wp-content/uploads/exported_html_files/tmp_files/images/code-bg.png' -> 'C:/Users/User/Documents/blog/images/code-bg.png' (77)
2022-12-22 01:05:51: Copy Over 'E:/DaeiBlog/wp-content/uploads/exported_html_files/tmp_files/images/fa-regular-400.svg#fontawesome' -> 'C:/Users/User/Documents/blog/images/fa-regular-400.svg#fontawesome' (144,322)
2022-12-22 01:05:51: Copy Over 'E:/DaeiBlog/wp-content/uploads/exported_html_files/tmp_files/images/fa-brands-400.svg#fontawesome' -> 'C:/Users/User/Documents/blog/images/fa-brands-400.svg#fontawesome' (715,890)
2022-12-22 01:05:51: Copy Over 'E:/DaeiBlog/wp-content/uploads/exported_html_files/tmp_files/images/fa-solid-900.svg#fontawesome' -> 'C:/Users/User/Documents/blog/images/fa-solid-900.svg#fontawesome' (897,426)
2022-12-22 01:05:51: Copy Over 'E:/DaeiBlog/wp-content/uploads/exported_html_files/tmp_files/images/fullscreen-icon-64.png' -> 'C:/Users/User/Documents/blog/images/fullscreen-icon-64.png' (175)
2022-12-22 01:05:51: Copy Over 'E:/DaeiBlog/wp-content/uploads/exported_html_files/tmp_files/images/fullscreen-icon-ie.png' -> 'C:/Users/User/Documents/blog/images/fullscreen-icon-ie.png' (245)
2022-12-22 01:05:51: Copy Over 'E:/DaeiBlog/wp-content/uploads/exported_html_files/tmp_files/images/logo.png' -> 'C:/Users/User/Documents/blog/images/logo.png' (64,759)
2022-12-22 01:05:51: Copy Over 'E:/DaeiBlog/wp-content/uploads/exported_html_files/tmp_files/images/pause-icon-64.png' -> 'C:/Users/User/Documents/blog/images/pause-icon-64.png' (166)
2022-12-22 01:05:51: Copy Over 'E:/DaeiBlog/wp-content/uploads/exported_html_files/tmp_files/images/pause-icon-ie.png' -> 'C:/Users/User/Documents/blog/images/pause-icon-ie.png' (302)
2022-12-22 01:05:51: Copy Over 'E:/DaeiBlog/wp-content/uploads/exported_html_files/tmp_files/images/play-icon-64.png' -> 'C:/Users/User/Documents/blog/images/play-icon-64.png' (639)
2022-12-22 01:05:51: Copy Over 'E:/DaeiBlog/wp-content/uploads/exported_html_files/tmp_files/images/play-icon-ie.png' -> 'C:/Users/User/Documents/blog/images/play-icon-ie.png' (563)
2022-12-22 01:05:51: Copy Over 'E:/DaeiBlog/wp-content/uploads/exported_html_files/tmp_files/images/preloader.gif' -> 'C:/Users/User/Documents/blog/images/preloader.gif' (5,721)
2022-12-22 01:05:51: Copy Over 'E:/DaeiBlog/wp-content/uploads/exported_html_files/tmp_files/images/thumb-overlay-play.png' -> 'C:/Users/User/Documents/blog/images/thumb-overlay-play.png' (1,505)
2022-12-22 01:05:51: Copy Over 'E:/DaeiBlog/wp-content/uploads/exported_html_files/tmp_files/images/x-mark-icon-64.png' -> 'C:/Users/User/Documents/blog/images/x-mark-icon-64.png' (528)
2022-12-22 01:05:51: Copy Over 'E:/DaeiBlog/wp-content/uploads/exported_html_files/tmp_files/images/tielabs-fonticon.svg#tielabs-fonticon' -> 'C:/Users/User/Documents/blog/images/tielabs-fonticon.svg#tielabs-fonticon' (141,497)
2022-12-22 01:05:51: Copy Over 'E:/DaeiBlog/wp-content/uploads/exported_html_files/tmp_files/images/x-mark-icon-ie.png' -> 'C:/Users/User/Documents/blog/images/x-mark-icon-ie.png' (984)
2022-12-22 01:05:51: Copy Over 'E:/DaeiBlog/wp-content/uploads/exported_html_files/tmp_files/index.html' -> 'C:/Users/User/Documents/blog/index.html' (59,077)
2022-12-22 01:05:51: Copy Over 'E:/DaeiBlog/wp-content/uploads/exported_html_files/tmp_files/js/desktop.min.js' -> 'C:/Users/User/Documents/blog/js/desktop.min.js' (18,120)
2022-12-22 01:05:51: Copy Over 'E:/DaeiBlog/wp-content/uploads/exported_html_files/tmp_files/js/export-wp-page-to-static-html-public.js' -> 'C:/Users/User/Documents/blog/js/export-wp-page-to-static-html-public.js' (955)
2022-12-22 01:05:51: Copy Over 'E:/DaeiBlog/wp-content/uploads/exported_html_files/tmp_files/js/imagesloaded.min.js' -> 'C:/Users/User/Documents/blog/js/imagesloaded.min.js' (5,746)
2022-12-22 01:05:51: Copy Over 'E:/DaeiBlog/wp-content/uploads/exported_html_files/tmp_files/js/jquery-migrate.min.js' -> 'C:/Users/User/Documents/blog/js/jquery-migrate.min.js' (11,341)
2022-12-22 01:05:51: Copy Over 'E:/DaeiBlog/wp-content/uploads/exported_html_files/tmp_files/js/jquery.masonry.min.js' -> 'C:/Users/User/Documents/blog/js/jquery.masonry.min.js' (1,936)
2022-12-22 01:05:51: Copy Over 'E:/DaeiBlog/wp-content/uploads/exported_html_files/tmp_files/js/jquery.min.js' -> 'C:/Users/User/Documents/blog/js/jquery.min.js' (89,801)
2022-12-22 01:05:51: Copy Over 'E:/DaeiBlog/wp-content/uploads/exported_html_files/tmp_files/js/lightbox.js' -> 'C:/Users/User/Documents/blog/js/lightbox.js' (81,577)
2022-12-22 01:05:51: Copy Over 'E:/DaeiBlog/wp-content/uploads/exported_html_files/tmp_files/js/live-search.js' -> 'C:/Users/User/Documents/blog/js/live-search.js' (14,718)
2022-12-22 01:05:51: Copy Over 'E:/DaeiBlog/wp-content/uploads/exported_html_files/tmp_files/js/masonry.min.js' -> 'C:/Users/User/Documents/blog/js/masonry.min.js' (24,255)
2022-12-22 01:05:51: Copy Over 'E:/DaeiBlog/wp-content/uploads/exported_html_files/tmp_files/js/scripts.min.js' -> 'C:/Users/User/Documents/blog/js/scripts.min.js' (23,570)
2022-12-22 01:05:51: Copy Over 'E:/DaeiBlog/wp-content/uploads/exported_html_files/tmp_files/js/single.min.js' -> 'C:/Users/User/Documents/blog/js/single.min.js' (5,666)
2022-12-22 01:05:51: Copy Over 'E:/DaeiBlog/wp-content/uploads/exported_html_files/tmp_files/js/sliders.min.js' -> 'C:/Users/User/Documents/blog/js/sliders.min.js' (49,436)
2022-12-22 01:05:51: Copy Over 'E:/DaeiBlog/wp-content/uploads/exported_html_files/tmp_files/js/wpsh.js' -> 'C:/Users/User/Documents/blog/js/wpsh.js' (2,003)
2022-12-22 01:05:51: == Sync Complete. Time: 00:00:01, Speed: 0.00/s, OK: 261, Errors: 0
